Determining if the pthread_create exist failed with the following output:
Change Dir: /home/resps/rovi2/Rovi2/build/CMakeFiles/CMakeTmp

Run Build Command:"/usr/bin/make" "cmTC_27b12/fast"
/usr/bin/make -f CMakeFiles/cmTC_27b12.dir/build.make CMakeFiles/cmTC_27b12.dir/build
make[1]: Entering directory '/home/resps/rovi2/Rovi2/build/CMakeFiles/CMakeTmp'
Building C object CMakeFiles/cmTC_27b12.dir/CheckSymbolExists.c.o
/usr/bin/cc    -o CMakeFiles/cmTC_27b12.dir/CheckSymbolExists.c.o   -c /home/resps/rovi2/Rovi2/build/CMakeFiles/CMakeTmp/CheckSymbolExists.c
Linking C executable cmTC_27b12
/usr/local/bin/cmake -E cmake_link_script CMakeFiles/cmTC_27b12.dir/link.txt --verbose=1
/usr/bin/cc      -rdynamic CMakeFiles/cmTC_27b12.dir/CheckSymbolExists.c.o  -o cmTC_27b12 
CMakeFiles/cmTC_27b12.dir/CheckSymbolExists.c.o: In function `main':
CheckSymbolExists.c:(.text+0x16): undefined reference to `pthread_create'
collect2: error: ld returned 1 exit status
CMakeFiles/cmTC_27b12.dir/build.make:97: recipe for target 'cmTC_27b12' failed
make[1]: *** [cmTC_27b12] Error 1
make[1]: Leaving directory '/home/resps/rovi2/Rovi2/build/CMakeFiles/CMakeTmp'
Makefile:126: recipe for target 'cmTC_27b12/fast' failed
make: *** [cmTC_27b12/fast] Error 2

File /home/resps/rovi2/Rovi2/build/CMakeFiles/CMakeTmp/CheckSymbolExists.c:
/* */
#include <pthread.h>

int main(int argc, char** argv)
{
  (void)argv;
#ifndef pthread_create
  return ((int*)(&pthread_create))[argc];
#else
  (void)argc;
  return 0;
#endif
}

Determining if the function pthread_create exists in the pthreads failed with the following output:
Change Dir: /home/resps/rovi2/Rovi2/build/CMakeFiles/CMakeTmp

Run Build Command:"/usr/bin/make" "cmTC_2c695/fast"
/usr/bin/make -f CMakeFiles/cmTC_2c695.dir/build.make CMakeFiles/cmTC_2c695.dir/build
make[1]: Entering directory '/home/resps/rovi2/Rovi2/build/CMakeFiles/CMakeTmp'
Building C object CMakeFiles/cmTC_2c695.dir/CheckFunctionExists.c.o
/usr/bin/cc   -DCHECK_FUNCTION_EXISTS=pthread_create   -o CMakeFiles/cmTC_2c695.dir/CheckFunctionExists.c.o   -c /usr/local/share/cmake-3.10/Modules/CheckFunctionExists.c
Linking C executable cmTC_2c695
/usr/local/bin/cmake -E cmake_link_script CMakeFiles/cmTC_2c695.dir/link.txt --verbose=1
/usr/bin/cc  -DCHECK_FUNCTION_EXISTS=pthread_create    -rdynamic CMakeFiles/cmTC_2c695.dir/CheckFunctionExists.c.o  -o cmTC_2c695 -lpthreads 
/usr/bin/ld: cannot find -lpthreads
collect2: error: ld returned 1 exit status
CMakeFiles/cmTC_2c695.dir/build.make:97: recipe for target 'cmTC_2c695' failed
make[1]: *** [cmTC_2c695] Error 1
make[1]: Leaving directory '/home/resps/rovi2/Rovi2/build/CMakeFiles/CMakeTmp'
Makefile:126: recipe for target 'cmTC_2c695/fast' failed
make: *** [cmTC_2c695/fast] Error 2


